ARM GAS  /tmp/ccfwxT0K.s 			page 1


   1              		.cpu cortex-m3
   2              		.arch armv7-m
   3              		.fpu softvfp
   4              		.eabi_attribute 20, 1
   5              		.eabi_attribute 21, 1
   6              		.eabi_attribute 23, 3
   7              		.eabi_attribute 24, 1
   8              		.eabi_attribute 25, 1
   9              		.eabi_attribute 26, 1
  10              		.eabi_attribute 30, 1
  11              		.eabi_attribute 34, 1
  12              		.eabi_attribute 18, 4
  13              		.file	"spi.c"
  14              		.text
  15              	.Ltext0:
  16              		.cfi_sections	.debug_frame
  17              		.section	.text.MX_SPI1_Init,"ax",%progbits
  18              		.align	1
  19              		.global	MX_SPI1_Init
  20              		.syntax unified
  21              		.thumb
  22              		.thumb_func
  24              	MX_SPI1_Init:
  25              	.LFB65:
  26              		.file 1 "Core/Src/spi.c"
   1:Core/Src/spi.c **** /* USER CODE BEGIN Header */
   2:Core/Src/spi.c **** /**
   3:Core/Src/spi.c ****   ******************************************************************************
   4:Core/Src/spi.c ****   * @file    spi.c
   5:Core/Src/spi.c ****   * @brief   This file provides code for the configuration
   6:Core/Src/spi.c ****   *          of the SPI instances.
   7:Core/Src/spi.c ****   ******************************************************************************
   8:Core/Src/spi.c ****   * @attention
   9:Core/Src/spi.c ****   *
  10:Core/Src/spi.c ****   * Copyright (c) 2022 STMicroelectronics.
  11:Core/Src/spi.c ****   * All rights reserved.
  12:Core/Src/spi.c ****   *
  13:Core/Src/spi.c ****   * This software is licensed under terms that can be found in the LICENSE file
  14:Core/Src/spi.c ****   * in the root directory of this software component.
  15:Core/Src/spi.c ****   * If no LICENSE file comes with this software, it is provided AS-IS.
  16:Core/Src/spi.c ****   *
  17:Core/Src/spi.c ****   ******************************************************************************
  18:Core/Src/spi.c ****   */
  19:Core/Src/spi.c **** /* USER CODE END Header */
  20:Core/Src/spi.c **** /* Includes ------------------------------------------------------------------*/
  21:Core/Src/spi.c **** #include "spi.h"
  22:Core/Src/spi.c **** 
  23:Core/Src/spi.c **** /* USER CODE BEGIN 0 */
  24:Core/Src/spi.c **** 
  25:Core/Src/spi.c **** /* USER CODE END 0 */
  26:Core/Src/spi.c **** 
  27:Core/Src/spi.c **** SPI_HandleTypeDef hspi1;
  28:Core/Src/spi.c **** 
  29:Core/Src/spi.c **** /* SPI1 init function */
  30:Core/Src/spi.c **** void MX_SPI1_Init(void)
  31:Core/Src/spi.c **** {
  27              		.loc 1 31 1 view -0
ARM GAS  /tmp/ccfwxT0K.s 			page 2


  28              		.cfi_startproc
  29              		@ args = 0, pretend = 0, frame = 0
  30              		@ frame_needed = 0, uses_anonymous_args = 0
  31 0000 08B5     		push	{r3, lr}
  32              	.LCFI0:
  33              		.cfi_def_cfa_offset 8
  34              		.cfi_offset 3, -8
  35              		.cfi_offset 14, -4
  32:Core/Src/spi.c **** 
  33:Core/Src/spi.c ****   /* USER CODE BEGIN SPI1_Init 0 */
  34:Core/Src/spi.c **** 
  35:Core/Src/spi.c ****   /* USER CODE END SPI1_Init 0 */
  36:Core/Src/spi.c **** 
  37:Core/Src/spi.c ****   /* USER CODE BEGIN SPI1_Init 1 */
  38:Core/Src/spi.c **** 
  39:Core/Src/spi.c ****   /* USER CODE END SPI1_Init 1 */
  40:Core/Src/spi.c ****   hspi1.Instance = SPI1;
  36              		.loc 1 40 3 view .LVU1
  37              		.loc 1 40 18 is_stmt 0 view .LVU2
  38 0002 0E48     		ldr	r0, .L5
  39 0004 0E4B     		ldr	r3, .L5+4
  40 0006 0360     		str	r3, [r0]
  41:Core/Src/spi.c ****   hspi1.Init.Mode = SPI_MODE_MASTER;
  41              		.loc 1 41 3 is_stmt 1 view .LVU3
  42              		.loc 1 41 19 is_stmt 0 view .LVU4
  43 0008 4FF48273 		mov	r3, #260
  44 000c 4360     		str	r3, [r0, #4]
  42:Core/Src/spi.c ****   hspi1.Init.Direction = SPI_DIRECTION_2LINES;
  45              		.loc 1 42 3 is_stmt 1 view .LVU5
  46              		.loc 1 42 24 is_stmt 0 view .LVU6
  47 000e 0023     		movs	r3, #0
  48 0010 8360     		str	r3, [r0, #8]
  43:Core/Src/spi.c ****   hspi1.Init.DataSize = SPI_DATASIZE_8BIT;
  49              		.loc 1 43 3 is_stmt 1 view .LVU7
  50              		.loc 1 43 23 is_stmt 0 view .LVU8
  51 0012 C360     		str	r3, [r0, #12]
  44:Core/Src/spi.c ****   hspi1.Init.CLKPolarity = SPI_POLARITY_LOW;
  52              		.loc 1 44 3 is_stmt 1 view .LVU9
  53              		.loc 1 44 26 is_stmt 0 view .LVU10
  54 0014 0361     		str	r3, [r0, #16]
  45:Core/Src/spi.c ****   hspi1.Init.CLKPhase = SPI_PHASE_1EDGE;
  55              		.loc 1 45 3 is_stmt 1 view .LVU11
  56              		.loc 1 45 23 is_stmt 0 view .LVU12
  57 0016 4361     		str	r3, [r0, #20]
  46:Core/Src/spi.c ****   hspi1.Init.NSS = SPI_NSS_SOFT;
  58              		.loc 1 46 3 is_stmt 1 view .LVU13
  59              		.loc 1 46 18 is_stmt 0 view .LVU14
  60 0018 4FF40072 		mov	r2, #512
  61 001c 8261     		str	r2, [r0, #24]
  47:Core/Src/spi.c ****   hspi1.Init.BaudRatePrescaler = SPI_BAUDRATEPRESCALER_64;
  62              		.loc 1 47 3 is_stmt 1 view .LVU15
  63              		.loc 1 47 32 is_stmt 0 view .LVU16
  64 001e 2822     		movs	r2, #40
  65 0020 C261     		str	r2, [r0, #28]
  48:Core/Src/spi.c ****   hspi1.Init.FirstBit = SPI_FIRSTBIT_MSB;
  66              		.loc 1 48 3 is_stmt 1 view .LVU17
  67              		.loc 1 48 23 is_stmt 0 view .LVU18
ARM GAS  /tmp/ccfwxT0K.s 			page 3


  68 0022 0362     		str	r3, [r0, #32]
  49:Core/Src/spi.c ****   hspi1.Init.TIMode = SPI_TIMODE_DISABLE;
  69              		.loc 1 49 3 is_stmt 1 view .LVU19
  70              		.loc 1 49 21 is_stmt 0 view .LVU20
  71 0024 4362     		str	r3, [r0, #36]
  50:Core/Src/spi.c ****   hspi1.Init.CRCCalculation = SPI_CRCCALCULATION_DISABLE;
  72              		.loc 1 50 3 is_stmt 1 view .LVU21
  73              		.loc 1 50 29 is_stmt 0 view .LVU22
  74 0026 8362     		str	r3, [r0, #40]
  51:Core/Src/spi.c ****   hspi1.Init.CRCPolynomial = 10;
  75              		.loc 1 51 3 is_stmt 1 view .LVU23
  76              		.loc 1 51 28 is_stmt 0 view .LVU24
  77 0028 0A23     		movs	r3, #10
  78 002a C362     		str	r3, [r0, #44]
  52:Core/Src/spi.c ****   if (HAL_SPI_Init(&hspi1) != HAL_OK)
  79              		.loc 1 52 3 is_stmt 1 view .LVU25
  80              		.loc 1 52 7 is_stmt 0 view .LVU26
  81 002c FFF7FEFF 		bl	HAL_SPI_Init
  82              	.LVL0:
  83              		.loc 1 52 6 view .LVU27
  84 0030 00B9     		cbnz	r0, .L4
  85              	.L1:
  53:Core/Src/spi.c ****   {
  54:Core/Src/spi.c ****     Error_Handler();
  55:Core/Src/spi.c ****   }
  56:Core/Src/spi.c ****   /* USER CODE BEGIN SPI1_Init 2 */
  57:Core/Src/spi.c **** 
  58:Core/Src/spi.c ****   /* USER CODE END SPI1_Init 2 */
  59:Core/Src/spi.c **** 
  60:Core/Src/spi.c **** }
  86              		.loc 1 60 1 view .LVU28
  87 0032 08BD     		pop	{r3, pc}
  88              	.L4:
  54:Core/Src/spi.c ****   }
  89              		.loc 1 54 5 is_stmt 1 view .LVU29
  90 0034 FFF7FEFF 		bl	Error_Handler
  91              	.LVL1:
  92              		.loc 1 60 1 is_stmt 0 view .LVU30
  93 0038 FBE7     		b	.L1
  94              	.L6:
  95 003a 00BF     		.align	2
  96              	.L5:
  97 003c 00000000 		.word	.LANCHOR0
  98 0040 00300140 		.word	1073819648
  99              		.cfi_endproc
 100              	.LFE65:
 102              		.section	.text.HAL_SPI_MspInit,"ax",%progbits
 103              		.align	1
 104              		.global	HAL_SPI_MspInit
 105              		.syntax unified
 106              		.thumb
 107              		.thumb_func
 109              	HAL_SPI_MspInit:
 110              	.LVL2:
 111              	.LFB66:
  61:Core/Src/spi.c **** 
  62:Core/Src/spi.c **** void HAL_SPI_MspInit(SPI_HandleTypeDef* spiHandle)
ARM GAS  /tmp/ccfwxT0K.s 			page 4


  63:Core/Src/spi.c **** {
 112              		.loc 1 63 1 is_stmt 1 view -0
 113              		.cfi_startproc
 114              		@ args = 0, pretend = 0, frame = 24
 115              		@ frame_needed = 0, uses_anonymous_args = 0
 116              		.loc 1 63 1 is_stmt 0 view .LVU32
 117 0000 30B5     		push	{r4, r5, lr}
 118              	.LCFI1:
 119              		.cfi_def_cfa_offset 12
 120              		.cfi_offset 4, -12
 121              		.cfi_offset 5, -8
 122              		.cfi_offset 14, -4
 123 0002 87B0     		sub	sp, sp, #28
 124              	.LCFI2:
 125              		.cfi_def_cfa_offset 40
  64:Core/Src/spi.c **** 
  65:Core/Src/spi.c ****   GPIO_InitTypeDef GPIO_InitStruct = {0};
 126              		.loc 1 65 3 is_stmt 1 view .LVU33
 127              		.loc 1 65 20 is_stmt 0 view .LVU34
 128 0004 0023     		movs	r3, #0
 129 0006 0293     		str	r3, [sp, #8]
 130 0008 0393     		str	r3, [sp, #12]
 131 000a 0493     		str	r3, [sp, #16]
 132 000c 0593     		str	r3, [sp, #20]
  66:Core/Src/spi.c ****   if(spiHandle->Instance==SPI1)
 133              		.loc 1 66 3 is_stmt 1 view .LVU35
 134              		.loc 1 66 15 is_stmt 0 view .LVU36
 135 000e 0268     		ldr	r2, [r0]
 136              		.loc 1 66 5 view .LVU37
 137 0010 1A4B     		ldr	r3, .L11
 138 0012 9A42     		cmp	r2, r3
 139 0014 01D0     		beq	.L10
 140              	.LVL3:
 141              	.L7:
  67:Core/Src/spi.c ****   {
  68:Core/Src/spi.c ****   /* USER CODE BEGIN SPI1_MspInit 0 */
  69:Core/Src/spi.c **** 
  70:Core/Src/spi.c ****   /* USER CODE END SPI1_MspInit 0 */
  71:Core/Src/spi.c ****     /* SPI1 clock enable */
  72:Core/Src/spi.c ****     __HAL_RCC_SPI1_CLK_ENABLE();
  73:Core/Src/spi.c **** 
  74:Core/Src/spi.c ****     __HAL_RCC_GPIOA_CLK_ENABLE();
  75:Core/Src/spi.c ****     /**SPI1 GPIO Configuration
  76:Core/Src/spi.c ****     PA5     ------> SPI1_SCK
  77:Core/Src/spi.c ****     PA6     ------> SPI1_MISO
  78:Core/Src/spi.c ****     PA7     ------> SPI1_MOSI
  79:Core/Src/spi.c ****     */
  80:Core/Src/spi.c ****     GPIO_InitStruct.Pin = GPIO_PIN_5|GPIO_PIN_7;
  81:Core/Src/spi.c ****     GPIO_InitStruct.Mode = GPIO_MODE_AF_PP;
  82:Core/Src/spi.c ****     GPIO_InitStruct.Speed = GPIO_SPEED_FREQ_HIGH;
  83:Core/Src/spi.c ****     HAL_GPIO_Init(GPIOA, &GPIO_InitStruct);
  84:Core/Src/spi.c **** 
  85:Core/Src/spi.c ****     GPIO_InitStruct.Pin = GPIO_PIN_6;
  86:Core/Src/spi.c ****     GPIO_InitStruct.Mode = GPIO_MODE_INPUT;
  87:Core/Src/spi.c ****     GPIO_InitStruct.Pull = GPIO_NOPULL;
  88:Core/Src/spi.c ****     HAL_GPIO_Init(GPIOA, &GPIO_InitStruct);
  89:Core/Src/spi.c **** 
ARM GAS  /tmp/ccfwxT0K.s 			page 5


  90:Core/Src/spi.c ****     /* SPI1 interrupt Init */
  91:Core/Src/spi.c ****     HAL_NVIC_SetPriority(SPI1_IRQn, 5, 0);
  92:Core/Src/spi.c ****     HAL_NVIC_EnableIRQ(SPI1_IRQn);
  93:Core/Src/spi.c ****   /* USER CODE BEGIN SPI1_MspInit 1 */
  94:Core/Src/spi.c **** 
  95:Core/Src/spi.c ****   /* USER CODE END SPI1_MspInit 1 */
  96:Core/Src/spi.c ****   }
  97:Core/Src/spi.c **** }
 142              		.loc 1 97 1 view .LVU38
 143 0016 07B0     		add	sp, sp, #28
 144              	.LCFI3:
 145              		.cfi_remember_state
 146              		.cfi_def_cfa_offset 12
 147              		@ sp needed
 148 0018 30BD     		pop	{r4, r5, pc}
 149              	.LVL4:
 150              	.L10:
 151              	.LCFI4:
 152              		.cfi_restore_state
  72:Core/Src/spi.c **** 
 153              		.loc 1 72 5 is_stmt 1 view .LVU39
 154              	.LBB2:
  72:Core/Src/spi.c **** 
 155              		.loc 1 72 5 view .LVU40
  72:Core/Src/spi.c **** 
 156              		.loc 1 72 5 view .LVU41
 157 001a 03F56043 		add	r3, r3, #57344
 158 001e 9A69     		ldr	r2, [r3, #24]
 159 0020 42F48052 		orr	r2, r2, #4096
 160 0024 9A61     		str	r2, [r3, #24]
  72:Core/Src/spi.c **** 
 161              		.loc 1 72 5 view .LVU42
 162 0026 9A69     		ldr	r2, [r3, #24]
 163 0028 02F48052 		and	r2, r2, #4096
 164 002c 0092     		str	r2, [sp]
  72:Core/Src/spi.c **** 
 165              		.loc 1 72 5 view .LVU43
 166 002e 009A     		ldr	r2, [sp]
 167              	.LBE2:
  72:Core/Src/spi.c **** 
 168              		.loc 1 72 5 view .LVU44
  74:Core/Src/spi.c ****     /**SPI1 GPIO Configuration
 169              		.loc 1 74 5 view .LVU45
 170              	.LBB3:
  74:Core/Src/spi.c ****     /**SPI1 GPIO Configuration
 171              		.loc 1 74 5 view .LVU46
  74:Core/Src/spi.c ****     /**SPI1 GPIO Configuration
 172              		.loc 1 74 5 view .LVU47
 173 0030 9A69     		ldr	r2, [r3, #24]
 174 0032 42F00402 		orr	r2, r2, #4
 175 0036 9A61     		str	r2, [r3, #24]
  74:Core/Src/spi.c ****     /**SPI1 GPIO Configuration
 176              		.loc 1 74 5 view .LVU48
 177 0038 9B69     		ldr	r3, [r3, #24]
 178 003a 03F00403 		and	r3, r3, #4
 179 003e 0193     		str	r3, [sp, #4]
  74:Core/Src/spi.c ****     /**SPI1 GPIO Configuration
ARM GAS  /tmp/ccfwxT0K.s 			page 6


 180              		.loc 1 74 5 view .LVU49
 181 0040 019B     		ldr	r3, [sp, #4]
 182              	.LBE3:
  74:Core/Src/spi.c ****     /**SPI1 GPIO Configuration
 183              		.loc 1 74 5 view .LVU50
  80:Core/Src/spi.c ****     GPIO_InitStruct.Mode = GPIO_MODE_AF_PP;
 184              		.loc 1 80 5 view .LVU51
  80:Core/Src/spi.c ****     GPIO_InitStruct.Mode = GPIO_MODE_AF_PP;
 185              		.loc 1 80 25 is_stmt 0 view .LVU52
 186 0042 A023     		movs	r3, #160
 187 0044 0293     		str	r3, [sp, #8]
  81:Core/Src/spi.c ****     GPIO_InitStruct.Speed = GPIO_SPEED_FREQ_HIGH;
 188              		.loc 1 81 5 is_stmt 1 view .LVU53
  81:Core/Src/spi.c ****     GPIO_InitStruct.Speed = GPIO_SPEED_FREQ_HIGH;
 189              		.loc 1 81 26 is_stmt 0 view .LVU54
 190 0046 0223     		movs	r3, #2
 191 0048 0393     		str	r3, [sp, #12]
  82:Core/Src/spi.c ****     HAL_GPIO_Init(GPIOA, &GPIO_InitStruct);
 192              		.loc 1 82 5 is_stmt 1 view .LVU55
  82:Core/Src/spi.c ****     HAL_GPIO_Init(GPIOA, &GPIO_InitStruct);
 193              		.loc 1 82 27 is_stmt 0 view .LVU56
 194 004a 0323     		movs	r3, #3
 195 004c 0593     		str	r3, [sp, #20]
  83:Core/Src/spi.c **** 
 196              		.loc 1 83 5 is_stmt 1 view .LVU57
 197 004e 0C4D     		ldr	r5, .L11+4
 198 0050 02A9     		add	r1, sp, #8
 199 0052 2846     		mov	r0, r5
 200              	.LVL5:
  83:Core/Src/spi.c **** 
 201              		.loc 1 83 5 is_stmt 0 view .LVU58
 202 0054 FFF7FEFF 		bl	HAL_GPIO_Init
 203              	.LVL6:
  85:Core/Src/spi.c ****     GPIO_InitStruct.Mode = GPIO_MODE_INPUT;
 204              		.loc 1 85 5 is_stmt 1 view .LVU59
  85:Core/Src/spi.c ****     GPIO_InitStruct.Mode = GPIO_MODE_INPUT;
 205              		.loc 1 85 25 is_stmt 0 view .LVU60
 206 0058 4023     		movs	r3, #64
 207 005a 0293     		str	r3, [sp, #8]
  86:Core/Src/spi.c ****     GPIO_InitStruct.Pull = GPIO_NOPULL;
 208              		.loc 1 86 5 is_stmt 1 view .LVU61
  86:Core/Src/spi.c ****     GPIO_InitStruct.Pull = GPIO_NOPULL;
 209              		.loc 1 86 26 is_stmt 0 view .LVU62
 210 005c 0024     		movs	r4, #0
 211 005e 0394     		str	r4, [sp, #12]
  87:Core/Src/spi.c ****     HAL_GPIO_Init(GPIOA, &GPIO_InitStruct);
 212              		.loc 1 87 5 is_stmt 1 view .LVU63
  87:Core/Src/spi.c ****     HAL_GPIO_Init(GPIOA, &GPIO_InitStruct);
 213              		.loc 1 87 26 is_stmt 0 view .LVU64
 214 0060 0494     		str	r4, [sp, #16]
  88:Core/Src/spi.c **** 
 215              		.loc 1 88 5 is_stmt 1 view .LVU65
 216 0062 02A9     		add	r1, sp, #8
 217 0064 2846     		mov	r0, r5
 218 0066 FFF7FEFF 		bl	HAL_GPIO_Init
 219              	.LVL7:
  91:Core/Src/spi.c ****     HAL_NVIC_EnableIRQ(SPI1_IRQn);
ARM GAS  /tmp/ccfwxT0K.s 			page 7


 220              		.loc 1 91 5 view .LVU66
 221 006a 2246     		mov	r2, r4
 222 006c 0521     		movs	r1, #5
 223 006e 2320     		movs	r0, #35
 224 0070 FFF7FEFF 		bl	HAL_NVIC_SetPriority
 225              	.LVL8:
  92:Core/Src/spi.c ****   /* USER CODE BEGIN SPI1_MspInit 1 */
 226              		.loc 1 92 5 view .LVU67
 227 0074 2320     		movs	r0, #35
 228 0076 FFF7FEFF 		bl	HAL_NVIC_EnableIRQ
 229              	.LVL9:
 230              		.loc 1 97 1 is_stmt 0 view .LVU68
 231 007a CCE7     		b	.L7
 232              	.L12:
 233              		.align	2
 234              	.L11:
 235 007c 00300140 		.word	1073819648
 236 0080 00080140 		.word	1073809408
 237              		.cfi_endproc
 238              	.LFE66:
 240              		.section	.text.HAL_SPI_MspDeInit,"ax",%progbits
 241              		.align	1
 242              		.global	HAL_SPI_MspDeInit
 243              		.syntax unified
 244              		.thumb
 245              		.thumb_func
 247              	HAL_SPI_MspDeInit:
 248              	.LVL10:
 249              	.LFB67:
  98:Core/Src/spi.c **** 
  99:Core/Src/spi.c **** void HAL_SPI_MspDeInit(SPI_HandleTypeDef* spiHandle)
 100:Core/Src/spi.c **** {
 250              		.loc 1 100 1 is_stmt 1 view -0
 251              		.cfi_startproc
 252              		@ args = 0, pretend = 0, frame = 0
 253              		@ frame_needed = 0, uses_anonymous_args = 0
 254              		.loc 1 100 1 is_stmt 0 view .LVU70
 255 0000 08B5     		push	{r3, lr}
 256              	.LCFI5:
 257              		.cfi_def_cfa_offset 8
 258              		.cfi_offset 3, -8
 259              		.cfi_offset 14, -4
 101:Core/Src/spi.c **** 
 102:Core/Src/spi.c ****   if(spiHandle->Instance==SPI1)
 260              		.loc 1 102 3 is_stmt 1 view .LVU71
 261              		.loc 1 102 15 is_stmt 0 view .LVU72
 262 0002 0268     		ldr	r2, [r0]
 263              		.loc 1 102 5 view .LVU73
 264 0004 084B     		ldr	r3, .L17
 265 0006 9A42     		cmp	r2, r3
 266 0008 00D0     		beq	.L16
 267              	.LVL11:
 268              	.L13:
 103:Core/Src/spi.c ****   {
 104:Core/Src/spi.c ****   /* USER CODE BEGIN SPI1_MspDeInit 0 */
 105:Core/Src/spi.c **** 
 106:Core/Src/spi.c ****   /* USER CODE END SPI1_MspDeInit 0 */
ARM GAS  /tmp/ccfwxT0K.s 			page 8


 107:Core/Src/spi.c ****     /* Peripheral clock disable */
 108:Core/Src/spi.c ****     __HAL_RCC_SPI1_CLK_DISABLE();
 109:Core/Src/spi.c **** 
 110:Core/Src/spi.c ****     /**SPI1 GPIO Configuration
 111:Core/Src/spi.c ****     PA5     ------> SPI1_SCK
 112:Core/Src/spi.c ****     PA6     ------> SPI1_MISO
 113:Core/Src/spi.c ****     PA7     ------> SPI1_MOSI
 114:Core/Src/spi.c ****     */
 115:Core/Src/spi.c ****     HAL_GPIO_DeInit(GPIOA, GPIO_PIN_5|GPIO_PIN_6|GPIO_PIN_7);
 116:Core/Src/spi.c **** 
 117:Core/Src/spi.c ****     /* SPI1 interrupt Deinit */
 118:Core/Src/spi.c ****     HAL_NVIC_DisableIRQ(SPI1_IRQn);
 119:Core/Src/spi.c ****   /* USER CODE BEGIN SPI1_MspDeInit 1 */
 120:Core/Src/spi.c **** 
 121:Core/Src/spi.c ****   /* USER CODE END SPI1_MspDeInit 1 */
 122:Core/Src/spi.c ****   }
 123:Core/Src/spi.c **** }
 269              		.loc 1 123 1 view .LVU74
 270 000a 08BD     		pop	{r3, pc}
 271              	.LVL12:
 272              	.L16:
 108:Core/Src/spi.c **** 
 273              		.loc 1 108 5 is_stmt 1 view .LVU75
 274 000c 074A     		ldr	r2, .L17+4
 275 000e 9369     		ldr	r3, [r2, #24]
 276 0010 23F48053 		bic	r3, r3, #4096
 277 0014 9361     		str	r3, [r2, #24]
 115:Core/Src/spi.c **** 
 278              		.loc 1 115 5 view .LVU76
 279 0016 E021     		movs	r1, #224
 280 0018 0548     		ldr	r0, .L17+8
 281              	.LVL13:
 115:Core/Src/spi.c **** 
 282              		.loc 1 115 5 is_stmt 0 view .LVU77
 283 001a FFF7FEFF 		bl	HAL_GPIO_DeInit
 284              	.LVL14:
 118:Core/Src/spi.c ****   /* USER CODE BEGIN SPI1_MspDeInit 1 */
 285              		.loc 1 118 5 is_stmt 1 view .LVU78
 286 001e 2320     		movs	r0, #35
 287 0020 FFF7FEFF 		bl	HAL_NVIC_DisableIRQ
 288              	.LVL15:
 289              		.loc 1 123 1 is_stmt 0 view .LVU79
 290 0024 F1E7     		b	.L13
 291              	.L18:
 292 0026 00BF     		.align	2
 293              	.L17:
 294 0028 00300140 		.word	1073819648
 295 002c 00100240 		.word	1073876992
 296 0030 00080140 		.word	1073809408
 297              		.cfi_endproc
 298              	.LFE67:
 300              		.global	hspi1
 301              		.section	.bss.hspi1,"aw",%nobits
 302              		.align	2
 303              		.set	.LANCHOR0,. + 0
 306              	hspi1:
 307 0000 00000000 		.space	88
ARM GAS  /tmp/ccfwxT0K.s 			page 9


 307      00000000 
 307      00000000 
 307      00000000 
 307      00000000 
 308              		.text
 309              	.Letext0:
 310              		.file 2 "/home/luca/gcc-arm-none-eabi-10.3-2021.10/arm-none-eabi/include/machine/_default_types.h"
 311              		.file 3 "/home/luca/gcc-arm-none-eabi-10.3-2021.10/arm-none-eabi/include/sys/_stdint.h"
 312              		.file 4 "Drivers/CMSIS/Device/ST/STM32F1xx/Include/stm32f103xb.h"
 313              		.file 5 "Drivers/STM32F1xx_HAL_Driver/Inc/stm32f1xx_hal_def.h"
 314              		.file 6 "Drivers/STM32F1xx_HAL_Driver/Inc/stm32f1xx_hal_gpio.h"
 315              		.file 7 "Drivers/STM32F1xx_HAL_Driver/Inc/stm32f1xx_hal_dma.h"
 316              		.file 8 "Drivers/STM32F1xx_HAL_Driver/Inc/stm32f1xx_hal_spi.h"
 317              		.file 9 "Drivers/STM32F1xx_HAL_Driver/Inc/stm32f1xx_hal_cortex.h"
 318              		.file 10 "Core/Inc/main.h"
 319              		.file 11 "Core/Inc/spi.h"
ARM GAS  /tmp/ccfwxT0K.s 			page 10


DEFINED SYMBOLS
                            *ABS*:0000000000000000 spi.c
     /tmp/ccfwxT0K.s:18     .text.MX_SPI1_Init:0000000000000000 $t
     /tmp/ccfwxT0K.s:24     .text.MX_SPI1_Init:0000000000000000 MX_SPI1_Init
     /tmp/ccfwxT0K.s:97     .text.MX_SPI1_Init:000000000000003c $d
     /tmp/ccfwxT0K.s:103    .text.HAL_SPI_MspInit:0000000000000000 $t
     /tmp/ccfwxT0K.s:109    .text.HAL_SPI_MspInit:0000000000000000 HAL_SPI_MspInit
     /tmp/ccfwxT0K.s:235    .text.HAL_SPI_MspInit:000000000000007c $d
     /tmp/ccfwxT0K.s:241    .text.HAL_SPI_MspDeInit:0000000000000000 $t
     /tmp/ccfwxT0K.s:247    .text.HAL_SPI_MspDeInit:0000000000000000 HAL_SPI_MspDeInit
     /tmp/ccfwxT0K.s:294    .text.HAL_SPI_MspDeInit:0000000000000028 $d
     /tmp/ccfwxT0K.s:306    .bss.hspi1:0000000000000000 hspi1
     /tmp/ccfwxT0K.s:302    .bss.hspi1:0000000000000000 $d

UNDEFINED SYMBOLS
HAL_SPI_Init
Error_Handler
HAL_GPIO_Init
HAL_NVIC_SetPriority
HAL_NVIC_EnableIRQ
HAL_GPIO_DeInit
HAL_NVIC_DisableIRQ
